<?xml version="1.0" encoding="UTF-8"?>
<!-- Generated by org.testng.reporters.JUnitReportReporter -->
<testsuite hostname="LAPTOP-F48D2J5E" failures="0" tests="1" name="testCases.Tc002_LoginTest" time="1.629" errors="0" timestamp="2024-09-02T04:30:56 IST" skipped="0">
  <testcase classname="testCases.Tc002_LoginTest" name="verify_loginTest" time="1.629"/>
</testsuite> <!-- testCases.Tc002_LoginTest -->
