<?xml version="1.0" encoding="UTF-8"?>
<!-- Generated by org.testng.reporters.JUnitReportReporter -->
<testsuite hostname="LAPTOP-F48D2J5E" failures="0" tests="1" name="testCases.Tc001_AccountRegistrationTest" time="2.986" errors="0" timestamp="2024-09-01T21:37:30 IST" skipped="0">
  <testcase classname="testCases.Tc001_AccountRegistrationTest" name="verify_account_registration" time="2.986"/>
</testsuite> <!-- testCases.Tc001_AccountRegistrationTest -->
